[09:49:32] Stollie.DailyNeeds.PlayerDataLoaded to Server
[09:49:32] Message sent from Server.cs to Client.cs: <?xml version="1.0" encoding="utf-16"?>
<PlayerData xmlns:xsd="http://www.w3.org/2001/XMLSchema" xmlns:xsi="http://www.w3.org/2001/XMLSchema-instance">
  <steamid>76561198412322587</steamid>
  <hunger>99.3083344</hunger>
  <thirst>98.27023</thirst>
  <fatigue>100</fatigue>
  <dead>false</dead>
</PlayerData>
[09:49:32] Stollie.DailyNeeds.PlayerDataLoaded to Client
[09:49:37] Stollie.DailyNeeds.PlayerDataLoaded to Server
[09:49:37] Message sent from Server.cs to Client.cs: <?xml version="1.0" encoding="utf-16"?>
<PlayerData xmlns:xsd="http://www.w3.org/2001/XMLSchema" xmlns:xsi="http://www.w3.org/2001/XMLSchema-instance">
  <steamid>76561198412322587</steamid>
  <hunger>99.29493</hunger>
  <thirst>98.23671</thirst>
  <fatigue>100</fatigue>
  <dead>false</dead>
</PlayerData>
[09:49:37] Stollie.DailyNeeds.PlayerDataLoaded to Client
[09:49:42] Stollie.DailyNeeds.PlayerDataLoaded to Server
[09:49:42] Message sent from Server.cs to Client.cs: <?xml version="1.0" encoding="utf-16"?>
<PlayerData xmlns:xsd="http://www.w3.org/2001/XMLSchema" xmlns:xsi="http://www.w3.org/2001/XMLSchema-instance">
  <steamid>76561198412322587</steamid>
  <hunger>99.2815247</hunger>
  <thirst>98.203186</thirst>
  <fatigue>100</fatigue>
  <dead>false</dead>
</PlayerData>
[09:49:42] Stollie.DailyNeeds.PlayerDataLoaded to Client
[09:49:47] Stollie.DailyNeeds.PlayerDataLoaded to Server
[09:49:47] Message sent from Server.cs to Client.cs: <?xml version="1.0" encoding="utf-16"?>
<PlayerData xmlns:xsd="http://www.w3.org/2001/XMLSchema" xmlns:xsi="http://www.w3.org/2001/XMLSchema-instance">
  <steamid>76561198412322587</steamid>
  <hunger>99.26812</hunger>
  <thirst>98.16966</thirst>
  <fatigue>100</fatigue>
  <dead>false</dead>
</PlayerData>
[09:49:47] Stollie.DailyNeeds.PlayerDataLoaded to Client
[09:49:52] Stollie.DailyNeeds.PlayerDataLoaded to Server
[09:49:52] Message sent from Server.cs to Client.cs: <?xml version="1.0" encoding="utf-16"?>
<PlayerData xmlns:xsd="http://www.w3.org/2001/XMLSchema" xmlns:xsi="http://www.w3.org/2001/XMLSchema-instance">
  <steamid>76561198412322587</steamid>
  <hunger>99.254715</hunger>
  <thirst>98.13614</thirst>
  <fatigue>100</fatigue>
  <dead>false</dead>
</PlayerData>
[09:49:52] Stollie.DailyNeeds.PlayerDataLoaded to Client
[09:49:57] Stollie.DailyNeeds.PlayerDataLoaded to Server
[09:49:57] Message sent from Server.cs to Client.cs: <?xml version="1.0" encoding="utf-16"?>
<PlayerData xmlns:xsd="http://www.w3.org/2001/XMLSchema" xmlns:xsi="http://www.w3.org/2001/XMLSchema-instance">
  <steamid>76561198412322587</steamid>
  <hunger>99.24131</hunger>
  <thirst>98.1026154</thirst>
  <fatigue>100</fatigue>
  <dead>false</dead>
</PlayerData>
[09:49:57] Stollie.DailyNeeds.PlayerDataLoaded to Client
